2026-05-13 00:47:33.818: [INFO] VisibilityChanged: 0
2026-05-13 00:47:33.866: [INFO] RecordSyncInitDuration has_sync_been_enabled: 0 state: 0
2026-05-13 00:47:33.868: [INFO] RecordSyncInitDuration has_sync_been_enabled: 0 state: 0
2026-05-13 00:47:33.869: [INFO] RecordSyncInitDuration has_sync_been_enabled: 0 state: 0
2026-05-13 00:47:33.871: [INFO] RecordSyncInitDuration has_sync_been_enabled: 0 state: 0
2026-05-13 00:47:33.872: [INFO] RecordSyncInitDuration has_sync_been_enabled: 0 state: 0
2026-05-13 00:47:33.874: [INFO] RecordSyncInitDuration has_sync_been_enabled: 0 state: 0
2026-05-13 00:47:33.875: [INFO] RecordSyncInitDuration has_sync_been_enabled: 0 state: 0
2026-05-13 00:47:33.876: [INFO] RecordSyncInitDuration has_sync_been_enabled: 0 state: 0
2026-05-13 00:47:33.878: [INFO] RecordSyncInitDuration has_sync_been_enabled: 0 state: 0
2026-05-13 00:47:33.879: [INFO] RecordSyncInitDuration has_sync_been_enabled: 0 state: 0
2026-05-13 00:47:33.880: [INFO] RecordSyncInitDuration has_sync_been_enabled: 0 state: 0
2026-05-13 00:47:33.881: [INFO] RecordSyncInitDuration has_sync_been_enabled: 0 state: 0
2026-05-13 00:47:33.889: [INFO] BookmarkModelLoaded, ids_reassigned: 0
2026-05-13 00:47:33.889: [INFO] OnDoneLoading sync enabled: 0
2026-05-13 00:47:33.948: [INFO] RecordSyncInitDuration has_sync_been_enabled: 0 state: 0
2026-05-13 00:47:35.357: [INFO] RecordSyncInitDuration has_sync_been_enabled: 0 state: 0
2026-05-13 00:47:35.360: [INFO] RecordSyncInitDuration has_sync_been_enabled: 0 state: 3
2026-05-13 00:47:35.361: [INFO] Primary account changed.
2026-05-13 00:47:35.361: [INFO] OnPrimaryAccountChanged PrimaryAccountChangeEvent::Type::kSet
2026-05-13 00:47:35.368: [INFO] RecordSyncInitDuration has_sync_been_enabled: 0 state: 3
2026-05-13 00:47:35.955: [INFO] RecordSyncInitDuration has_sync_been_enabled: 0 state: 3
2026-05-13 00:47:35.957: [INFO] RecordSyncInitDuration has_sync_been_enabled: 0 state: 3
2026-05-13 00:47:35.958: [INFO] RecordSyncInitDuration has_sync_been_enabled: 0 state: 3
2026-05-13 00:47:35.959: [INFO] RecordSyncInitDuration has_sync_been_enabled: 0 state: 3
2026-05-13 00:47:35.961: [INFO] RecordSyncInitDuration has_sync_been_enabled: 0 state: 3
2026-05-13 00:47:35.962: [INFO] RecordSyncInitDuration has_sync_been_enabled: 0 state: 3
2026-05-13 00:47:35.963: [INFO] RecordSyncInitDuration has_sync_been_enabled: 0 state: 5
2026-05-13 00:47:35.965: [INFO] RecordSyncInitDuration has_sync_been_enabled: 0 state: 5
2026-05-13 00:47:36.253: [INFO] RecordSyncInitDuration has_sync_been_enabled: 0 state: 5
2026-05-13 00:47:36.257: [INFO] RecordSyncInitDuration has_sync_been_enabled: 0 state: 5
2026-05-13 00:47:37.294: [INFO] RecordSyncInitDuration has_sync_been_enabled: 0 state: 5
2026-05-13 00:47:37.296: [INFO] RecordSyncInitDuration has_sync_been_enabled: 0 state: 6
2026-05-13 00:47:37.796: [INFO] RecordSyncInitDuration has_sync_been_enabled: 0 state: 6
2026-05-13 00:47:37.797: [INFO] RecordSyncInitDuration has_sync_been_enabled: 0 state: 6
2026-05-13 00:47:37.799: [INFO] RecordSyncInitDuration has_sync_been_enabled: 0 state: 6
2026-05-13 00:47:37.800: [INFO] RecordSyncInitDuration has_sync_been_enabled: 0 state: 6
2026-05-13 00:47:38.734: [INFO] RecordSyncInitDuration has_sync_been_enabled: 0 state: 5
2026-05-13 00:47:38.738: [INFO] RecordSyncInitDuration has_sync_been_enabled: 0 state: 5
2026-05-13 00:47:38.741: [INFO] RecordSyncInitDuration has_sync_been_enabled: 0 state: 5
2026-05-13 00:47:38.744: [INFO] RecordSyncInitDuration has_sync_been_enabled: 0 state: 5
2026-05-13 00:47:43.581: [INFO] BookmarkNodeAdded, ABU: 0
2026-05-13 00:47:43.581: [INFO] BookmarkNodeAdded, ABU: 0
2026-05-13 00:47:43.582: [INFO] BookmarkNodeAdded, ABU: 0
2026-05-13 00:47:43.583: [INFO] BookmarkNodeAdded, ABU: 0
2026-05-13 00:47:43.584: [INFO] BookmarkNodeAdded, ABU: 0
2026-05-13 00:47:43.584: [INFO] BookmarkNodeAdded, ABU: 0
2026-05-13 00:47:43.585: [INFO] BookmarkNodeAdded, ABU: 0
2026-05-13 00:47:43.586: [INFO] BookmarkNodeAdded, ABU: 0
2026-05-13 00:47:43.586: [INFO] BookmarkNodeAdded, ABU: 0
2026-05-13 00:47:43.587: [INFO] BookmarkNodeAdded, ABU: 0
