{"logTime": "0513/004735", "correlationVector":"r5xOp2GlXCjXiCZ7apM+f8.1","action":"SyncServerConnectionManagerRequest", "result":"SYNC_SERVER_OK", "context":{"environment":"Prod_northcentralus_prod-s01-050-nam-northcentralus", "migrationStage":"NotStarted", "server":"akswtt00400000i"}}
{"logTime": "0513/004735", "correlationVector":"r5xOp2GlXCjXiCZ7apM+f8.2","action":"ProcessGetUpdates", "result":"Done", "context":{"dataType":"Encryption Keys", "deleted":"0", "process_failed_to_decrypt":"0", "process_pending_decryption":"0", "process_success":"1", "total":"1"}}
{"logTime": "0513/004736", "correlationVector":"G2HkZlE+7c/wmkHfm2L67+","action":"SyncServerConnectionManagerRequest", "result":"SYNC_SERVER_OK", "context":{"environment":"", "migrationStage":"", "server":""}}
{"logTime": "0513/004736", "correlationVector":"G2HkZlE+7c/wmkHfm2L67+.0","action":"EncryptionKeysFetcher.DownloadKeys:", "result":"Success", "context":Key count: 10, Last key timestamp: 2026-03-23T02:03:03Z}
{"logTime": "0513/004736", "correlationVector":"G2HkZlE+7c/wmkHfm2L67+.1","action":"EncryptionKeysManager::SetEncryptionKeys:", "result":"Success", "context":Key names[10]:[73nEZMc3FfG3+8LSF0rk+7N8YydR94ja4m7hqyzTfGqc74sBYC7c14rQvFf8mX5K863Q1rRjgWilZEiXyXwRcQ==][W8u5bPGSEPEwS0cyfEmPG2eu2wWRwNa3blOOfMFyZceyoXhCaigZJbtkj5bDQTNDSFIw1JbuLCsZd3FXnTR19Q==][qbSc57XrU1j8++UsVMIYszgvGFbfcIVFPJLORPcCFWaBvQleDdC26Zqjt419jbkYgrG1OUB6pNzjjFmS4jxkHg==][DyeHBvUKBU3/RwPPy5HVatFugJ7U8BbCfFii1Keylis4gEu5aXSkPQkpKiVsnngJmlWp6Fx6GkOYRnJZd///ZQ==][V4sQah3LIfk9SnDDkrmIt2MWk7wjvWilqM3br10ztcVbYBDi7vj03Nh5kICFIFA4NpTBiIaOlYRqLTwC3idX6Q==][ujilp9R12PPMgw8U6VQJqf+pmCorWehtqlpCFLqvomqpWLaGPE/0gAotY9bToAL2gd9ieXyqNLrAs8l81SXL+Q==][wtz06viFLaOZ7NQFzy93AslrW3Gc1azJxbdgqUXc1gai3GYnT+TgykdI9MpnLY7SVyuiRn95j8ckoE4+tEixRA==][t6GND6kLisMKf2jmmX2wqN+4kb/po60syGK+lBJBbA75Epi6hYKnluaLq/RQ3PFni+vDJKC26PFkTsNDd0fl8A==][HvQqvKiLS7zFVPnipjpsEsHkXVXkYhS4sFrVN1lPZQigwZdDZpnBd61Qv0/5pg5srJa7E4+B0e57fk2gNwlwIw==][URfKMN5kmShF4HH6RpDLs3e9Nzt/K4S+Q6ypxWu13usBDZ7Dnaz5hQTovFER1a6hJo2vhP5S4uXPhVTKd7wXpw==]}
{"logTime": "0513/004736", "correlationVector":"G2HkZlE+7c/wmkHfm2L67+.2","action":"EncryptionKeysManager::SetEncryptionKeysWithTimestamps:", "result":"Success", "context":Key timestamps[10]:[2021-10-09T15:48:19Z][2022-04-07T18:08:56Z][2022-10-05T03:32:15Z][2023-04-04T21:39:40Z][2023-10-02T23:23:04Z][2024-03-31T18:13:52Z][2024-09-28T14:29:37Z][2025-03-27T23:08:39Z][2025-09-24T00:12:03Z][2026-03-23T02:03:03Z]}
{"logTime": "0513/004736", "correlationVector":"r5xOp2GlXCjXiCZ7apM+f8","action":"Initial GetUpdates", "result":"", "context":Reason: NEW_CLIENT. cV=r5xOp2GlXCjXiCZ7apM+f8}
{"logTime": "0513/004736", "correlationVector":"r5xOp2GlXCjXiCZ7apM+f8.3","action":"GetUpdates Response", "result":"Success", "context":Received 1 update(s). cV=r5xOp2GlXCjXiCZ7apM+f8.0;server=akswtt00400000i;cloudType=Consumer;environment=Prod_northcentralus_prod-s01-050-nam-northcentralus;migrationStage=NotStarted}
{"logTime": "0513/004736", "correlationVector":"NjE7Gn6f9LC9hppItPQQdI","action":"Initial GetUpdates", "result":"", "context":Reason: NEWLY_SUPPORTED_DATATYPE. cV=NjE7Gn6f9LC9hppItPQQdI}
{"logTime": "0513/004736", "correlationVector":"NjE7Gn6f9LC9hppItPQQdI.1","action":"SyncServerConnectionManagerRequest", "result":"SYNC_SERVER_OK", "context":{"environment":"Prod_northcentralus_prod-s01-050-nam-northcentralus", "migrationStage":"NotStarted", "server":"akswtt004000000"}}
{"logTime": "0513/004736", "correlationVector":"NjE7Gn6f9LC9hppItPQQdI.2","action":"ProcessGetUpdates", "result":"Done", "context":{"dataType":"Device Info", "deleted":"0", "process_failed_to_decrypt":"0", "process_pending_decryption":"0", "process_success":"11", "total":"11"}}
{"logTime": "0513/004737", "correlationVector":"NjE7Gn6f9LC9hppItPQQdI.3","action":"GetUpdates Response", "result":"Success", "context":Received 11 update(s). cV=NjE7Gn6f9LC9hppItPQQdI.0;server=akswtt004000000;cloudType=Consumer;environment=Prod_northcentralus_prod-s01-050-nam-northcentralus;migrationStage=NotStarted}
{"logTime": "0513/004737", "correlationVector":"xPiBaYddgD69JGT60OaR1v","action":"Initial GetUpdates", "result":"", "context":Reason: NEWLY_SUPPORTED_DATATYPE. cV=xPiBaYddgD69JGT60OaR1v}
{"logTime": "0513/004737", "correlationVector":"xPiBaYddgD69JGT60OaR1v.1","action":"SyncServerConnectionManagerRequest", "result":"SYNC_SERVER_OK", "context":{"environment":"Prod_northcentralus_prod-s01-050-nam-northcentralus", "migrationStage":"NotStarted", "server":"akswtt00400000u"}}
{"logTime": "0513/004737", "correlationVector":"xPiBaYddgD69JGT60OaR1v.2","action":"ProcessGetUpdates", "result":"Done", "context":{"dataType":"Extensions", "deleted":"0", "process_failed_to_decrypt":"0", "process_pending_decryption":"0", "process_success":"6", "total":"6"}}
{"logTime": "0513/004737", "correlationVector":"xPiBaYddgD69JGT60OaR1v.3","action":"GetUpdates Response", "result":"Success", "context":Received 6 update(s). cV=xPiBaYddgD69JGT60OaR1v.0;server=akswtt00400000u;cloudType=Consumer;environment=Prod_northcentralus_prod-s01-050-nam-northcentralus;migrationStage=NotStarted}
{"logTime": "0513/004737", "correlationVector":"Me2GZxAKc1es05lk6cDLWY","action":"Normal GetUpdate request", "result":"", "context":cV=Me2GZxAKc1es05lk6cDLWY
Nudged types: Device Info
Refresh requested types: Extensions, Extension settings, Device Info, User Consents, Send Tab To Self, Web Apps, Encryption Keys}
{"logTime": "0513/004738", "correlationVector":"Me2GZxAKc1es05lk6cDLWY.1","action":"SyncServerConnectionManagerRequest", "result":"SYNC_SERVER_OK", "context":{"environment":"Prod_northcentralus_prod-s01-050-nam-northcentralus", "migrationStage":"NotStarted", "server":"akswtt00400000w"}}
{"logTime": "0513/004738", "correlationVector":"Me2GZxAKc1es05lk6cDLWY.2","action":"GetUpdates Response", "result":"Success", "context":Received 0 update(s). cV=Me2GZxAKc1es05lk6cDLWY.0;server=akswtt00400000w;cloudType=Consumer;environment=Prod_northcentralus_prod-s01-050-nam-northcentralus;migrationStage=NotStarted}
{"logTime": "0513/004738", "correlationVector":"qBaQFtjnfpuzLKq2Aa3M5T","action":"DoCompareDataConsistency requsted types: ", "result":"Extensions, Extension settings, Send Tab To Self, Web Apps, Encryption Keys"}
{"logTime": "0513/004738", "correlationVector":"qBaQFtjnfpuzLKq2Aa3M5T.0","action":"CompareDataConsistency result: ", "result":"Compare result: Encryption Keys is consistent. local entities count is: 1 local entities hash is: N2rCR0rJXJK6BDTDNqAFR7W+v8M="}
{"logTime": "0513/004738", "correlationVector":"qBaQFtjnfpuzLKq2Aa3M5T.1","action":"CompareDataConsistency result: ", "result":"Compare result: Extensions is consistent. local entities count is: 6 local entities hash is: JGCu2HaF6WulbDV3hok1aqE1axM="}
{"logTime": "0513/004738", "correlationVector":"qBaQFtjnfpuzLKq2Aa3M5T.2","action":"CompareDataConsistency result: ", "result":"Compare result: Extension settings is consistent. local entities count is: 0 local entities hash is: "}
{"logTime": "0513/004738", "correlationVector":"qBaQFtjnfpuzLKq2Aa3M5T.3","action":"CompareDataConsistency result: ", "result":"Server did not send this Send Tab To Self local entities count is: 0 local entities hash is: "}
{"logTime": "0513/004738", "correlationVector":"qBaQFtjnfpuzLKq2Aa3M5T.4","action":"CompareDataConsistency result: ", "result":"Compare result: Web Apps is consistent. local entities count is: 0 local entities hash is: "}
{"logTime": "0513/004738", "correlationVector":"n/tWkRwRomemRle+S8fGRL","action":"Commit Request", "result":"", "context":Item count: 1
Contributing types: Device Info}
{"logTime": "0513/004739", "correlationVector":"n/tWkRwRomemRle+S8fGRL.1","action":"SyncServerConnectionManagerRequest", "result":"SYNC_SERVER_OK", "context":{"environment":"Prod_northcentralus_prod-s01-050-nam-northcentralus", "migrationStage":"NotStarted", "server":"akswtt00400000i"}}
{"logTime": "0513/004739", "correlationVector":"n/tWkRwRomemRle+S8fGRL.2","action":"Commit Response", "result":"Success", "context":Result: Success. cV=n/tWkRwRomemRle+S8fGRL.0;server=akswtt00400000i;cloudType=Consumer;environment=Prod_northcentralus_prod-s01-050-nam-northcentralus;migrationStage=NotStarted}
{"logTime": "0513/004739", "correlationVector":"","action":"DIAGNOSTIC_REQUEST|v1/diagnosticData/Diagnostic.SendCheckResult()|SUCCESS", "result":""}
{"logTime": "0513/004739", "correlationVector":"jeQ83tRnFguXd3xnsUDbIg","action":"Initial GetUpdates", "result":"", "context":Reason: RECONFIGURATION. cV=jeQ83tRnFguXd3xnsUDbIg}
{"logTime": "0513/004742", "correlationVector":"jeQ83tRnFguXd3xnsUDbIg.1","action":"SyncServerConnectionManagerRequest", "result":"SYNC_SERVER_OK", "context":{"environment":"Prod_northcentralus_prod-s01-050-nam-northcentralus", "migrationStage":"NotStarted", "server":"akswtt00400000w"}}
{"logTime": "0513/004742", "correlationVector":"jeQ83tRnFguXd3xnsUDbIg.2","action":"ProcessGetUpdates", "result":"Done", "context":{"dataType":"Preferences", "deleted":"0", "process_failed_to_decrypt":"0", "process_pending_decryption":"0", "process_success":"119", "total":"119"}}
{"logTime": "0513/004742", "correlationVector":"jeQ83tRnFguXd3xnsUDbIg.3","action":"ProcessGetUpdates", "result":"Done", "context":{"dataType":"Passwords", "deleted":"3", "process_failed_to_decrypt":"0", "process_pending_decryption":"0", "process_success":"121", "total":"121"}}
{"logTime": "0513/004742", "correlationVector":"jeQ83tRnFguXd3xnsUDbIg.4","action":"ProcessGetUpdates", "result":"Done", "context":{"dataType":"Device Info", "deleted":"0", "process_failed_to_decrypt":"0", "process_pending_decryption":"0", "process_success":"10", "total":"10"}}
{"logTime": "0513/004742", "correlationVector":"jeQ83tRnFguXd3xnsUDbIg.5","action":"GetUpdates Response", "result":"Success", "context":Received 250 update(s). cV=jeQ83tRnFguXd3xnsUDbIg.0;server=akswtt00400000w;cloudType=Consumer;environment=Prod_northcentralus_prod-s01-050-nam-northcentralus;migrationStage=NotStarted Some updates remain.}
{"logTime": "0513/004742", "correlationVector":"TkA5UuXZ3MNeBZu4wxtH2x","action":"Initial GetUpdates", "result":"", "context":Reason: RECONFIGURATION. cV=TkA5UuXZ3MNeBZu4wxtH2x}
{"logTime": "0513/004743", "correlationVector":"TkA5UuXZ3MNeBZu4wxtH2x.1","action":"SyncServerConnectionManagerRequest", "result":"SYNC_SERVER_OK", "context":{"environment":"Prod_northcentralus_prod-s01-050-nam-northcentralus", "migrationStage":"NotStarted", "server":"akswtt00400000m"}}
{"logTime": "0513/004743", "correlationVector":"TkA5UuXZ3MNeBZu4wxtH2x.2","action":"ProcessGetUpdates", "result":"Done", "context":{"dataType":"Preferences", "deleted":"0", "process_failed_to_decrypt":"0", "process_pending_decryption":"0", "process_success":"12", "total":"12"}}
{"logTime": "0513/004743", "correlationVector":"TkA5UuXZ3MNeBZu4wxtH2x.3","action":"ProcessGetUpdates", "result":"Done", "context":{"dataType":"Passwords", "deleted":"0", "process_failed_to_decrypt":"0", "process_pending_decryption":"0", "process_success":"33", "total":"33"}}
{"logTime": "0513/004743", "correlationVector":"TkA5UuXZ3MNeBZu4wxtH2x.4","action":"ProcessGetUpdates", "result":"Done", "context":{"dataType":"Device Info", "deleted":"0", "process_failed_to_decrypt":"0", "process_pending_decryption":"0", "process_success":"2", "total":"2"}}
{"logTime": "0513/004743", "correlationVector":"TkA5UuXZ3MNeBZu4wxtH2x.5","action":"GetUpdates Response", "result":"Success", "context":Received 47 update(s). cV=TkA5UuXZ3MNeBZu4wxtH2x.0;server=akswtt00400000m;cloudType=Consumer;environment=Prod_northcentralus_prod-s01-050-nam-northcentralus;migrationStage=NotStarted}
{"logTime": "0513/004743", "correlationVector":"2UIHpa+4K7vr5763Zih6Vr","action":"Initial GetUpdates", "result":"", "context":Reason: RECONFIGURATION. cV=2UIHpa+4K7vr5763Zih6Vr}
{"logTime": "0513/004743", "correlationVector":"2UIHpa+4K7vr5763Zih6Vr.1","action":"SyncServerConnectionManagerRequest", "result":"SYNC_SERVER_OK", "context":{"environment":"Prod_northcentralus_prod-s01-050-nam-northcentralus", "migrationStage":"NotStarted", "server":"akswtt004000001"}}
{"logTime": "0513/004743", "correlationVector":"2UIHpa+4K7vr5763Zih6Vr.2","action":"ProcessGetUpdates", "result":"Done", "context":{"dataType":"Bookmarks", "deleted":"1", "process_failed_to_decrypt":"0", "process_pending_decryption":"0", "process_success":"17", "total":"17"}}
{"logTime": "0513/004743", "correlationVector":"2UIHpa+4K7vr5763Zih6Vr.3","action":"GetUpdates Response", "result":"Success", "context":Received 17 update(s). cV=2UIHpa+4K7vr5763Zih6Vr.0;server=akswtt004000001;cloudType=Consumer;environment=Prod_northcentralus_prod-s01-050-nam-northcentralus;migrationStage=NotStarted}
{"logTime": "0513/004743", "correlationVector":"FEMChFTso6/OANRxG0zeg9","action":"Initial GetUpdates", "result":"", "context":Reason: RECONFIGURATION. cV=FEMChFTso6/OANRxG0zeg9}
{"logTime": "0513/004745", "correlationVector":"FEMChFTso6/OANRxG0zeg9.1","action":"SyncServerConnectionManagerRequest", "result":"SYNC_SERVER_OK", "context":{"environment":"Prod_northcentralus_prod-s01-050-nam-northcentralus", "migrationStage":"NotStarted", "server":"akswtt004000001"}}
{"logTime": "0513/004745", "correlationVector":"FEMChFTso6/OANRxG0zeg9.2","action":"ProcessGetUpdates", "result":"Done", "context":{"dataType":"Autofill", "deleted":"0", "process_failed_to_decrypt":"0", "process_pending_decryption":"0", "process_success":"157", "total":"157"}}
{"logTime": "0513/004745", "correlationVector":"FEMChFTso6/OANRxG0zeg9.3","action":"ProcessGetUpdates", "result":"Done", "context":{"dataType":"Extensions", "deleted":"0", "process_failed_to_decrypt":"0", "process_pending_decryption":"0", "process_success":"2", "total":"2"}}
{"logTime": "0513/004745", "correlationVector":"FEMChFTso6/OANRxG0zeg9.4","action":"ProcessGetUpdates", "result":"Done", "context":{"dataType":"Sessions", "deleted":"87", "process_failed_to_decrypt":"0", "process_pending_decryption":"0", "process_success":"87", "total":"87"}}
{"logTime": "0513/004745", "correlationVector":"FEMChFTso6/OANRxG0zeg9.5","action":"ProcessGetUpdates", "result":"Done", "context":{"dataType":"WebAuthn Credentials", "deleted":"0", "process_failed_to_decrypt":"0", "process_pending_decryption":"0", "process_success":"1", "total":"1"}}
{"logTime": "0513/004745", "correlationVector":"FEMChFTso6/OANRxG0zeg9.6","action":"ProcessGetUpdates", "result":"Done", "context":{"dataType":"Edge Hub App Usage", "deleted":"0", "process_failed_to_decrypt":"0", "process_pending_decryption":"0", "process_success":"3", "total":"3"}}
{"logTime": "0513/004745", "correlationVector":"FEMChFTso6/OANRxG0zeg9.7","action":"GetUpdates Response", "result":"Success", "context":Received 250 update(s). cV=FEMChFTso6/OANRxG0zeg9.0;server=akswtt004000001;cloudType=Consumer;environment=Prod_northcentralus_prod-s01-050-nam-northcentralus;migrationStage=NotStarted Some updates remain.}
{"logTime": "0513/004745", "correlationVector":"/TPFW/FWa+yJHrGQp8Tdb6","action":"Initial GetUpdates", "result":"", "context":Reason: RECONFIGURATION. cV=/TPFW/FWa+yJHrGQp8Tdb6}
{"logTime": "0513/004746", "correlationVector":"/TPFW/FWa+yJHrGQp8Tdb6.1","action":"SyncServerConnectionManagerRequest", "result":"SYNC_SERVER_OK", "context":{"environment":"Prod_northcentralus_prod-s01-050-nam-northcentralus", "migrationStage":"NotStarted", "server":"akswtt00400000w"}}
{"logTime": "0513/004746", "correlationVector":"/TPFW/FWa+yJHrGQp8Tdb6.2","action":"ProcessGetUpdates", "result":"Done", "context":{"dataType":"Autofill Profiles", "deleted":"1", "process_failed_to_decrypt":"0", "process_pending_decryption":"0", "process_success":"1", "total":"1"}}
{"logTime": "0513/004746", "correlationVector":"/TPFW/FWa+yJHrGQp8Tdb6.3","action":"ProcessGetUpdates", "result":"Done", "context":{"dataType":"Sessions", "deleted":"249", "process_failed_to_decrypt":"0", "process_pending_decryption":"0", "process_success":"249", "total":"249"}}
{"logTime": "0513/004746", "correlationVector":"/TPFW/FWa+yJHrGQp8Tdb6.4","action":"GetUpdates Response", "result":"Success", "context":Received 250 update(s). cV=/TPFW/FWa+yJHrGQp8Tdb6.0;server=akswtt00400000w;cloudType=Consumer;environment=Prod_northcentralus_prod-s01-050-nam-northcentralus;migrationStage=NotStarted Some updates remain.}
{"logTime": "0513/004746", "correlationVector":"Xo/OCn+SHLprIwH3EcaoBR","action":"Initial GetUpdates", "result":"", "context":Reason: RECONFIGURATION. cV=Xo/OCn+SHLprIwH3EcaoBR}
{"logTime": "0513/004748", "correlationVector":"Xo/OCn+SHLprIwH3EcaoBR.1","action":"SyncServerConnectionManagerRequest", "result":"SYNC_SERVER_OK", "context":{"environment":"Prod_northcentralus_prod-s01-050-nam-northcentralus", "migrationStage":"NotStarted", "server":"akswtt00400000m"}}
{"logTime": "0513/004748", "correlationVector":"Xo/OCn+SHLprIwH3EcaoBR.2","action":"ProcessGetUpdates", "result":"Done", "context":{"dataType":"Autofill Profiles", "deleted":"3", "process_failed_to_decrypt":"0", "process_pending_decryption":"0", "process_success":"3", "total":"3"}}
{"logTime": "0513/004748", "correlationVector":"Xo/OCn+SHLprIwH3EcaoBR.3","action":"ProcessGetUpdates", "result":"Done", "context":{"dataType":"Sessions", "deleted":"246", "process_failed_to_decrypt":"0", "process_pending_decryption":"0", "process_success":"246", "total":"246"}}
{"logTime": "0513/004748", "correlationVector":"Xo/OCn+SHLprIwH3EcaoBR.4","action":"ProcessGetUpdates", "result":"Done", "context":{"dataType":"Edge Hub App Usage", "deleted":"1", "process_failed_to_decrypt":"0", "process_pending_decryption":"0", "process_success":"1", "total":"1"}}
{"logTime": "0513/004748", "correlationVector":"Xo/OCn+SHLprIwH3EcaoBR.5","action":"GetUpdates Response", "result":"Success", "context":Received 250 update(s). cV=Xo/OCn+SHLprIwH3EcaoBR.0;server=akswtt00400000m;cloudType=Consumer;environment=Prod_northcentralus_prod-s01-050-nam-northcentralus;migrationStage=NotStarted Some updates remain.}
{"logTime": "0513/004748", "correlationVector":"fA/hUUre/zFwg7UNGQbp0I","action":"Initial GetUpdates", "result":"", "context":Reason: RECONFIGURATION. cV=fA/hUUre/zFwg7UNGQbp0I}
{"logTime": "0513/004750", "correlationVector":"fA/hUUre/zFwg7UNGQbp0I.1","action":"SyncServerConnectionManagerRequest", "result":"SYNC_SERVER_OK", "context":{"environment":"Prod_northcentralus_prod-s01-050-nam-northcentralus", "migrationStage":"NotStarted", "server":"akswtt00400000i"}}
{"logTime": "0513/004750", "correlationVector":"fA/hUUre/zFwg7UNGQbp0I.2","action":"ProcessGetUpdates", "result":"Done", "context":{"dataType":"Autofill Profiles", "deleted":"0", "process_failed_to_decrypt":"0", "process_pending_decryption":"0", "process_success":"24", "total":"24"}}
{"logTime": "0513/004750", "correlationVector":"fA/hUUre/zFwg7UNGQbp0I.3","action":"ProcessGetUpdates", "result":"Done", "context":{"dataType":"Autofill", "deleted":"0", "process_failed_to_decrypt":"0", "process_pending_decryption":"0", "process_success":"8", "total":"8"}}
{"logTime": "0513/004750", "correlationVector":"fA/hUUre/zFwg7UNGQbp0I.4","action":"ProcessGetUpdates", "result":"Done", "context":{"dataType":"Sessions", "deleted":"215", "process_failed_to_decrypt":"0", "process_pending_decryption":"0", "process_success":"215", "total":"215"}}
{"logTime": "0513/004750", "correlationVector":"fA/hUUre/zFwg7UNGQbp0I.5","action":"ProcessGetUpdates", "result":"Done", "context":{"dataType":"Edge Hub App Usage", "deleted":"0", "process_failed_to_decrypt":"0", "process_pending_decryption":"0", "process_success":"3", "total":"3"}}
{"logTime": "0513/004750", "correlationVector":"fA/hUUre/zFwg7UNGQbp0I.6","action":"GetUpdates Response", "result":"Success", "context":Received 250 update(s). cV=fA/hUUre/zFwg7UNGQbp0I.0;server=akswtt00400000i;cloudType=Consumer;environment=Prod_northcentralus_prod-s01-050-nam-northcentralus;migrationStage=NotStarted Some updates remain.}
{"logTime": "0513/004750", "correlationVector":"Ye8zkpfwfkEkqBch4izdAY","action":"Initial GetUpdates", "result":"", "context":Reason: RECONFIGURATION. cV=Ye8zkpfwfkEkqBch4izdAY}
{"logTime": "0513/004752", "correlationVector":"Ye8zkpfwfkEkqBch4izdAY.1","action":"SyncServerConnectionManagerRequest", "result":"SYNC_SERVER_OK", "context":{"environment":"Prod_northcentralus_prod-s01-050-nam-northcentralus", "migrationStage":"NotStarted", "server":"akswtt004000001"}}
{"logTime": "0513/004752", "correlationVector":"Ye8zkpfwfkEkqBch4izdAY.2","action":"ProcessGetUpdates", "result":"Done", "context":{"dataType":"Autofill", "deleted":"0", "process_failed_to_decrypt":"0", "process_pending_decryption":"0", "process_success":"250", "total":"250"}}
{"logTime": "0513/004752", "correlationVector":"Ye8zkpfwfkEkqBch4izdAY.3","action":"GetUpdates Response", "result":"Success", "context":Received 250 update(s). cV=Ye8zkpfwfkEkqBch4izdAY.0;server=akswtt004000001;cloudType=Consumer;environment=Prod_northcentralus_prod-s01-050-nam-northcentralus;migrationStage=NotStarted Some updates remain.}
{"logTime": "0513/004752", "correlationVector":"7Xh9Ile3jlDDTn3fo2/XzR","action":"Initial GetUpdates", "result":"", "context":Reason: RECONFIGURATION. cV=7Xh9Ile3jlDDTn3fo2/XzR}
{"logTime": "0513/004755", "correlationVector":"7Xh9Ile3jlDDTn3fo2/XzR.1","action":"SyncServerConnectionManagerRequest", "result":"SYNC_SERVER_OK", "context":{"environment":"Prod_northcentralus_prod-s01-050-nam-northcentralus", "migrationStage":"NotStarted", "server":"akswtt00400000i"}}
{"logTime": "0513/004755", "correlationVector":"7Xh9Ile3jlDDTn3fo2/XzR.2","action":"ProcessGetUpdates", "result":"Done", "context":{"dataType":"Autofill", "deleted":"0", "process_failed_to_decrypt":"0", "process_pending_decryption":"0", "process_success":"250", "total":"250"}}
{"logTime": "0513/004755", "correlationVector":"7Xh9Ile3jlDDTn3fo2/XzR.3","action":"GetUpdates Response", "result":"Success", "context":Received 250 update(s). cV=7Xh9Ile3jlDDTn3fo2/XzR.0;server=akswtt00400000i;cloudType=Consumer;environment=Prod_northcentralus_prod-s01-050-nam-northcentralus;migrationStage=NotStarted Some updates remain.}
{"logTime": "0513/004755", "correlationVector":"xGkiYHmQCLboR9R1LOd4+l","action":"Initial GetUpdates", "result":"", "context":Reason: RECONFIGURATION. cV=xGkiYHmQCLboR9R1LOd4+l}
{"logTime": "0513/004757", "correlationVector":"xGkiYHmQCLboR9R1LOd4+l.1","action":"SyncServerConnectionManagerRequest", "result":"SYNC_SERVER_OK", "context":{"environment":"Prod_northcentralus_prod-s01-050-nam-northcentralus", "migrationStage":"NotStarted", "server":"akswtt00400000w"}}
{"logTime": "0513/004757", "correlationVector":"xGkiYHmQCLboR9R1LOd4+l.2","action":"ProcessGetUpdates", "result":"Done", "context":{"dataType":"Autofill", "deleted":"0", "process_failed_to_decrypt":"0", "process_pending_decryption":"0", "process_success":"250", "total":"250"}}
{"logTime": "0513/004757", "correlationVector":"xGkiYHmQCLboR9R1LOd4+l.3","action":"GetUpdates Response", "result":"Success", "context":Received 250 update(s). cV=xGkiYHmQCLboR9R1LOd4+l.0;server=akswtt00400000w;cloudType=Consumer;environment=Prod_northcentralus_prod-s01-050-nam-northcentralus;migrationStage=NotStarted Some updates remain.}
{"logTime": "0513/004757", "correlationVector":"bmS1+R0MW03il5C+7W69yp","action":"Initial GetUpdates", "result":"", "context":Reason: RECONFIGURATION. cV=bmS1+R0MW03il5C+7W69yp}
{"logTime": "0513/004758", "correlationVector":"bmS1+R0MW03il5C+7W69yp","action":"SyncServerConnectionManagerRequest", "result":"CONNECTION_UNAVAILABLE", "context":{"error_type":"net_error_code", "error_value":"-3"}}
