2026-05-13 00:47:33.741: [INFO][Sync] Reset engine, reason: 8
2026-05-13 00:47:33.741: [INFO][Sync] Stopped: Bookmarks
2026-05-13 00:47:33.741: [INFO][Sync] Stopped: Preferences
2026-05-13 00:47:33.741: [INFO][Sync] Stopped: Passwords
2026-05-13 00:47:33.741: [INFO][Sync] Stopped: Autofill Profiles
2026-05-13 00:47:33.741: [INFO][Sync] Stopped: Autofill
2026-05-13 00:47:33.741: [INFO][Sync] Stopped: Extensions
2026-05-13 00:47:33.741: [INFO][Sync] Stopped: Sessions
2026-05-13 00:47:33.741: [INFO][Sync] Stopped: Extension settings
2026-05-13 00:47:33.741: [INFO][Sync] Stopped: History Delete Directives
2026-05-13 00:47:33.741: [INFO][Sync] Stopped: Device Info
2026-05-13 00:47:33.741: [INFO][Sync] Stopped: User Consents
2026-05-13 00:47:33.741: [INFO][Sync] Stopped: Send Tab To Self
2026-05-13 00:47:33.741: [INFO][Sync] Stopped: Web Apps
2026-05-13 00:47:33.741: [INFO][Sync] Stopped: History
2026-05-13 00:47:33.741: [INFO][Sync] Stopped: Saved Tab Group
2026-05-13 00:47:33.741: [INFO][Sync] Stopped: WebAuthn Credentials
2026-05-13 00:47:33.741: [INFO][Sync] Stopped: Collection
2026-05-13 00:47:33.741: [INFO][Sync] Stopped: Edge E Drop
2026-05-13 00:47:33.741: [INFO][Sync] Stopped: Edge Hub App Usage
2026-05-13 00:47:33.741: [INFO][Sync] Stopped: Edge Journey
2026-05-13 00:47:33.741: [INFO][Sync] Stopped: Edge Wallet
2026-05-13 00:47:33.741: [INFO][Sync] Stopped: Edge Workspace
2026-05-13 00:47:33.741: [INFO][Sync] SyncState after authenticated was: NotSignedIn
2026-05-13 00:47:33.945: [INFO][Sync] Reset engine, reason: 8
2026-05-13 00:47:33.945: [INFO][Sync] Stopped: Bookmarks
2026-05-13 00:47:33.945: [INFO][Sync] Stopped: Preferences
2026-05-13 00:47:33.945: [INFO][Sync] Stopped: Passwords
2026-05-13 00:47:33.945: [INFO][Sync] Stopped: Autofill Profiles
2026-05-13 00:47:33.945: [INFO][Sync] Stopped: Autofill
2026-05-13 00:47:33.945: [INFO][Sync] Stopped: Extensions
2026-05-13 00:47:33.945: [INFO][Sync] Stopped: Sessions
2026-05-13 00:47:33.945: [INFO][Sync] Stopped: Extension settings
2026-05-13 00:47:33.945: [INFO][Sync] Stopped: History Delete Directives
2026-05-13 00:47:33.945: [INFO][Sync] Stopped: Device Info
2026-05-13 00:47:33.945: [INFO][Sync] Stopped: User Consents
2026-05-13 00:47:33.945: [INFO][Sync] Stopped: Send Tab To Self
2026-05-13 00:47:33.945: [INFO][Sync] Stopped: Web Apps
2026-05-13 00:47:33.945: [INFO][Sync] Stopped: History
2026-05-13 00:47:33.945: [INFO][Sync] Stopped: Saved Tab Group
2026-05-13 00:47:33.945: [INFO][Sync] Stopped: WebAuthn Credentials
2026-05-13 00:47:33.945: [INFO][Sync] Stopped: Collection
2026-05-13 00:47:33.945: [INFO][Sync] Stopped: Edge E Drop
2026-05-13 00:47:33.945: [INFO][Sync] Stopped: Edge Hub App Usage
2026-05-13 00:47:33.945: [INFO][Sync] Stopped: Edge Journey
2026-05-13 00:47:33.945: [INFO][Sync] Stopped: Edge Wallet
2026-05-13 00:47:33.945: [INFO][Sync] Stopped: Edge Workspace
2026-05-13 00:47:35.358: [INFO][Sync] Try to start sync engine
2026-05-13 00:47:35.358: [INFO][SyncManagerImpl::NudgeForInitialDownload] Initial download nudge for Encryption Keys
2026-05-13 00:47:35.358: [INFO][SyncEngineBackend::LoadAndConnectNigoriController] Load and connect Nigori controller
2026-05-13 00:47:35.358: [INFO][SyncEngineBackend::DoInitialize] Control Types added: Encryption Keys
2026-05-13 00:47:35.358: [INFO][SyncManagerImpl::ConfigureSyncer] Types to download: Encryption Keys with reason: 3
2026-05-13 00:47:35.358: [INFO][SyncSchedulerImpl::DoConfigurationSyncCycleJob] Configure job was blocked
2026-05-13 00:47:35.366: [INFO][SyncAuthManager::SetLastAuthError] Current auth error: None
2026-05-13 00:47:35.366: [INFO][SyncAuthManager::EdgeLogTokenErrorState] Token error with: None for account type: MSA
2026-05-13 00:47:35.366: [INFO][Sync] Credentials changed for: EdgeSyncScopeNew
2026-05-13 00:47:35.673: [INFO][SyncAuthManager::SetLastAuthError] Current auth error: None
2026-05-13 00:47:35.673: [INFO][SyncAuthManager::EdgeLogTokenErrorState] Token error with: None for account type: MSA
2026-05-13 00:47:35.673: [INFO][Sync] Credentials changed for: EdgeSyncKeyDataScope
2026-05-13 00:47:35.673: [INFO][SyncEngineBackend::DoUpdateKeyDataCredentials] Update key data credentials
2026-05-13 00:47:35.673: [INFO][SyncEngineBackend::DoUpdateCredentials] Update credentials
2026-05-13 00:47:35.673: [INFO][SyncSchedulerImpl::DoConfigurationSyncCycleJob] Blocked types:  and types to download: Encryption Keys
2026-05-13 00:47:35.962: [INFO][Sync] Started DataTypeManager configuration, reason: 4
2026-05-13 00:47:35.962: [INFO][Sync] Configuring for: Extensions, Extension settings, Device Info, User Consents, Send Tab To Self, Web Apps, Encryption Keys, reason: 3, current state: 0
2026-05-13 00:47:35.962: [WARN][Sync] Crypto error data types: 
2026-05-13 00:47:35.963: [INFO][Sync] Configure, desired: Extensions, Extension settings, Device Info, User Consents, Send Tab To Self, Web Apps, Encryption Keys; Allow fail: 
2026-05-13 00:47:35.963: [INFO][Sync] Loading: Extensions
2026-05-13 00:47:35.963: [INFO][Sync] Loading: Extension settings
2026-05-13 00:47:35.963: [INFO][Sync] Loading: Device Info
2026-05-13 00:47:35.963: [INFO][Sync] Loading: User Consents
2026-05-13 00:47:35.963: [INFO][Sync] Loading: Send Tab To Self
2026-05-13 00:47:35.963: [INFO][Sync] Loading: Web Apps
2026-05-13 00:47:35.965: [INFO][Sync] All data types are ready for configure.
2026-05-13 00:47:36.256: [INFO][Sync] Started DataTypeManager configuration, reason: 5
2026-05-13 00:47:36.256: [INFO][Sync] Configuring for: Extensions, Extension settings, Device Info, User Consents, Send Tab To Self, Web Apps, Encryption Keys, reason: 5, current state: 1
2026-05-13 00:47:36.259: [INFO][SyncEngineBackend::DoStartConfiguration] Start configuration
2026-05-13 00:47:36.259: [INFO][SyncManagerImpl::NudgeForInitialDownload] Initial download nudge for Extensions
2026-05-13 00:47:36.259: [INFO][SyncManagerImpl::NudgeForInitialDownload] Initial download nudge for Extension settings
2026-05-13 00:47:36.259: [INFO][SyncManagerImpl::NudgeForInitialDownload] Initial download nudge for Device Info
2026-05-13 00:47:36.259: [INFO][SyncManagerImpl::NudgeForInitialDownload] Initial download nudge for Send Tab To Self
2026-05-13 00:47:36.259: [INFO][SyncManagerImpl::NudgeForInitialDownload] Initial download nudge for Web Apps
2026-05-13 00:47:36.259: [INFO][SyncManagerImpl::ConfigureSyncer] Types to download:  with reason: 3
2026-05-13 00:47:36.259: [INFO][SyncEngineBackend::DoFinishConfigureDataTypes] Failed to download types:  and succeeded types: 
2026-05-13 00:47:36.261: [INFO][Sync] ConfigurationDone, failed: , succeeded: , remaining count: 2
2026-05-13 00:47:36.261: [WARN][Sync]     Reconfigure requested while configuration ongoing.
2026-05-13 00:47:36.261: [INFO][Sync] Configuring for: Extensions, Extension settings, Device Info, User Consents, Send Tab To Self, Web Apps, Encryption Keys, reason: 5, current state: 2
2026-05-13 00:47:36.261: [INFO][Sync] Configure, desired: Extensions, Extension settings, Device Info, User Consents, Send Tab To Self, Web Apps, Encryption Keys; Allow fail: 
2026-05-13 00:47:36.261: [INFO][Sync] All data types are ready for configure.
2026-05-13 00:47:36.261: [INFO][SyncManagerImpl::ConfigureSyncer] Types to download:  with reason: 5
2026-05-13 00:47:36.261: [INFO][SyncEngineBackend::DoFinishConfigureDataTypes] Failed to download types:  and succeeded types: 
2026-05-13 00:47:36.261: [INFO][Sync] ConfigurationDone, failed: , succeeded: , remaining count: 2
2026-05-13 00:47:36.261: [INFO][Sync] Prepare to configure types: Device Info, Send Tab To Self, Encryption Keys
2026-05-13 00:47:36.261: [INFO][SyncManagerImpl::ConfigureSyncer] Types to download: Device Info, Send Tab To Self, Encryption Keys with reason: 5
2026-05-13 00:47:36.261: [INFO][SyncSchedulerImpl::DoConfigurationSyncCycleJob] Blocked types:  and types to download: Device Info, Send Tab To Self, Encryption Keys
2026-05-13 00:47:36.881: [INFO][SyncEngineBackend::DoFinishConfigureDataTypes] Failed to download types:  and succeeded types: Device Info, Send Tab To Self, Encryption Keys
2026-05-13 00:47:37.294: [INFO][Sync] ConfigurationDone, failed: , succeeded: Device Info, Send Tab To Self, Encryption Keys, remaining count: 1
2026-05-13 00:47:37.296: [INFO][Sync] Prepare to configure types: Extensions, Extension settings, Web Apps, Encryption Keys
2026-05-13 00:47:37.296: [INFO][SyncManagerImpl::ConfigureSyncer] Types to download: Extensions, Extension settings, Web Apps, Encryption Keys with reason: 5
2026-05-13 00:47:37.296: [INFO][SyncSchedulerImpl::DoConfigurationSyncCycleJob] Blocked types:  and types to download: Extensions, Extension settings, Web Apps, Encryption Keys
2026-05-13 00:47:37.794: [INFO][SyncEngineBackend::DoFinishConfigureDataTypes] Failed to download types:  and succeeded types: Extensions, Extension settings, Web Apps, Encryption Keys
2026-05-13 00:47:37.796: [INFO][Sync] ConfigurationDone, failed: , succeeded: Extensions, Extension settings, Web Apps, Encryption Keys, remaining count: 0
2026-05-13 00:47:37.797: [INFO][Sync]     Configuration completed, state: 7
2026-05-13 00:47:37.797: [INFO][Sync] Configured DataTypeManager: Ok
2026-05-13 00:47:37.799: [INFO][SyncEngineBackend::DoStartSyncing] Start syncing
2026-05-13 00:47:38.731: [INFO][Sync] Started DataTypeManager configuration, reason: 1
2026-05-13 00:47:38.731: [INFO][Sync] Configuring for: Extensions, Extension settings, Device Info, User Consents, Send Tab To Self, Web Apps, Encryption Keys, reason: 1, current state: 3
2026-05-13 00:47:38.734: [INFO][Sync] Configure, desired: Extensions, Extension settings, Device Info, User Consents, Send Tab To Self, Web Apps, Encryption Keys; Allow fail: 
2026-05-13 00:47:38.734: [INFO][Sync] All data types are ready for configure.
2026-05-13 00:47:38.738: [INFO][Sync] Started DataTypeManager configuration, reason: 1
2026-05-13 00:47:38.738: [INFO][Sync] Configuring for: Extensions, Extension settings, Device Info, User Consents, Send Tab To Self, Web Apps, Encryption Keys, reason: 1, current state: 1
2026-05-13 00:47:38.749: [INFO][Sync] Started DataTypeManager configuration, reason: 1
2026-05-13 00:47:38.749: [INFO][Sync] Configuring for: Bookmarks, Preferences, Passwords, Autofill Profiles, Autofill, Extensions, Sessions, Extension settings, History Delete Directives, Device Info, User Consents, Send Tab To Self, Web Apps, History, Saved Tab Group, WebAuthn Credentials, Collection, Edge E Drop, Edge Hub App Usage, Edge Wallet, Edge Workspace, Encryption Keys, reason: 1, current state: 1
2026-05-13 00:47:39.872: [INFO][SyncEngineBackend::DoStartConfiguration] Start configuration
2026-05-13 00:47:39.872: [INFO][SyncManagerImpl::ConfigureSyncer] Types to download:  with reason: 1
2026-05-13 00:47:39.872: [INFO][SyncEngineBackend::DoFinishConfigureDataTypes] Failed to download types:  and succeeded types: 
2026-05-13 00:47:39.877: [INFO][Sync] ConfigurationDone, failed: , succeeded: , remaining count: 2
2026-05-13 00:47:39.877: [WARN][Sync]     Reconfigure requested while configuration ongoing.
2026-05-13 00:47:39.877: [INFO][Sync] Configuring for: Bookmarks, Preferences, Passwords, Autofill Profiles, Autofill, Extensions, Sessions, Extension settings, History Delete Directives, Device Info, User Consents, Send Tab To Self, Web Apps, History, Saved Tab Group, WebAuthn Credentials, Collection, Edge E Drop, Edge Hub App Usage, Edge Wallet, Edge Workspace, Encryption Keys, reason: 1, current state: 2
2026-05-13 00:47:39.877: [INFO][Sync] Configure, desired: Bookmarks, Preferences, Passwords, Autofill Profiles, Autofill, Extensions, Sessions, Extension settings, History Delete Directives, Device Info, User Consents, Send Tab To Self, Web Apps, History, Saved Tab Group, WebAuthn Credentials, Collection, Edge E Drop, Edge Hub App Usage, Edge Wallet, Edge Workspace, Encryption Keys; Allow fail: 
2026-05-13 00:47:39.877: [INFO][Sync] Loading: Bookmarks
2026-05-13 00:47:39.877: [INFO][Sync] Loading: Preferences
2026-05-13 00:47:39.877: [INFO][Sync] Loading: Passwords
2026-05-13 00:47:39.877: [INFO][Sync] Loading: Autofill Profiles
2026-05-13 00:47:39.877: [INFO][Sync] Loading: Autofill
2026-05-13 00:47:39.877: [INFO][Sync] Loading: Extensions
2026-05-13 00:47:39.877: [INFO][Sync] Loading: Sessions
2026-05-13 00:47:39.877: [INFO][Sync] Loading: Extension settings
2026-05-13 00:47:39.877: [INFO][Sync] Loading: History Delete Directives
2026-05-13 00:47:39.877: [INFO][Sync] Loading: Device Info
2026-05-13 00:47:39.877: [INFO][Sync] Loading: User Consents
2026-05-13 00:47:39.877: [INFO][Sync] Loading: Send Tab To Self
2026-05-13 00:47:39.877: [INFO][Sync] Loading: Web Apps
2026-05-13 00:47:39.877: [INFO][Sync] Loading: History
2026-05-13 00:47:39.877: [INFO][Sync] Loading: Saved Tab Group
2026-05-13 00:47:39.877: [INFO][Sync] Loading: WebAuthn Credentials
2026-05-13 00:47:39.877: [INFO][Sync] Loading: Collection
2026-05-13 00:47:39.877: [INFO][Sync] Loading: Edge E Drop
2026-05-13 00:47:39.877: [INFO][Sync] Loading: Edge Hub App Usage
2026-05-13 00:47:39.877: [INFO][Sync] Loading: Edge Wallet
2026-05-13 00:47:39.877: [INFO][Sync] Loading: Edge Workspace
2026-05-13 00:47:39.926: [INFO][Sync] All data types are ready for configure.
2026-05-13 00:47:39.926: [INFO][SyncManagerImpl::NudgeForInitialDownload] Initial download nudge for Bookmarks
2026-05-13 00:47:39.926: [INFO][SyncManagerImpl::NudgeForInitialDownload] Initial download nudge for Preferences
2026-05-13 00:47:39.926: [INFO][SyncManagerImpl::NudgeForInitialDownload] Initial download nudge for Passwords
2026-05-13 00:47:39.926: [INFO][SyncManagerImpl::NudgeForInitialDownload] Initial download nudge for Autofill Profiles
2026-05-13 00:47:39.926: [INFO][SyncManagerImpl::NudgeForInitialDownload] Initial download nudge for Autofill
2026-05-13 00:47:39.926: [INFO][SyncManagerImpl::NudgeForInitialDownload] Initial download nudge for Extensions
2026-05-13 00:47:39.926: [INFO][SyncManagerImpl::NudgeForInitialDownload] Initial download nudge for Sessions
2026-05-13 00:47:39.927: [INFO][SyncManagerImpl::NudgeForInitialDownload] Initial download nudge for Extension settings
2026-05-13 00:47:39.927: [INFO][SyncManagerImpl::NudgeForInitialDownload] Initial download nudge for History Delete Directives
2026-05-13 00:47:39.927: [INFO][SyncManagerImpl::NudgeForInitialDownload] Initial download nudge for Device Info
2026-05-13 00:47:39.927: [INFO][SyncManagerImpl::NudgeForInitialDownload] Initial download nudge for Send Tab To Self
2026-05-13 00:47:39.927: [INFO][SyncManagerImpl::NudgeForInitialDownload] Initial download nudge for Web Apps
2026-05-13 00:47:39.927: [INFO][SyncManagerImpl::NudgeForInitialDownload] Initial download nudge for History
2026-05-13 00:47:39.927: [INFO][SyncManagerImpl::NudgeForInitialDownload] Initial download nudge for Saved Tab Group
2026-05-13 00:47:39.927: [INFO][SyncManagerImpl::NudgeForInitialDownload] Initial download nudge for WebAuthn Credentials
2026-05-13 00:47:39.927: [INFO][SyncManagerImpl::NudgeForInitialDownload] Initial download nudge for Collection
2026-05-13 00:47:39.927: [INFO][SyncManagerImpl::NudgeForInitialDownload] Initial download nudge for Edge E Drop
2026-05-13 00:47:39.927: [INFO][SyncManagerImpl::NudgeForInitialDownload] Initial download nudge for Edge Hub App Usage
2026-05-13 00:47:39.927: [INFO][SyncManagerImpl::NudgeForInitialDownload] Initial download nudge for Edge Wallet
2026-05-13 00:47:39.927: [INFO][SyncManagerImpl::NudgeForInitialDownload] Initial download nudge for Edge Workspace
2026-05-13 00:47:39.927: [INFO][SyncManagerImpl::ConfigureSyncer] Types to download:  with reason: 1
2026-05-13 00:47:39.927: [INFO][SyncEngineBackend::DoFinishConfigureDataTypes] Failed to download types:  and succeeded types: 
2026-05-13 00:47:39.927: [INFO][Sync] ConfigurationDone, failed: , succeeded: , remaining count: 4
2026-05-13 00:47:39.927: [INFO][Sync] Prepare to configure types: Preferences, Passwords, Device Info, Send Tab To Self, Edge E Drop, Encryption Keys
2026-05-13 00:47:39.927: [INFO][SyncManagerImpl::ConfigureSyncer] Types to download: Preferences, Passwords, Device Info, Send Tab To Self, Edge E Drop, Encryption Keys with reason: 1
2026-05-13 00:47:39.927: [INFO][SyncSchedulerImpl::DoConfigurationSyncCycleJob] Blocked types:  and types to download: Preferences, Passwords, Device Info, Send Tab To Self, Edge E Drop, Encryption Keys
2026-05-13 00:47:43.121: [INFO][SyncEngineBackend::DoFinishConfigureDataTypes] Failed to download types:  and succeeded types: Preferences, Passwords, Device Info, Send Tab To Self, Edge E Drop, Encryption Keys
2026-05-13 00:47:43.129: [INFO][Sync] ConfigurationDone, failed: , succeeded: Preferences, Passwords, Device Info, Send Tab To Self, Edge E Drop, Encryption Keys, remaining count: 3
2026-05-13 00:47:43.129: [INFO][Sync] Prepare to configure types: Bookmarks, Encryption Keys
2026-05-13 00:47:43.129: [INFO][SyncManagerImpl::ConfigureSyncer] Types to download: Bookmarks, Encryption Keys with reason: 1
2026-05-13 00:47:43.129: [INFO][SyncSchedulerImpl::DoConfigurationSyncCycleJob] Blocked types:  and types to download: Bookmarks, Encryption Keys
2026-05-13 00:47:43.584: [INFO][SyncEngineBackend::DoFinishConfigureDataTypes] Failed to download types:  and succeeded types: Bookmarks, Encryption Keys
2026-05-13 00:47:43.589: [INFO][Sync] ConfigurationDone, failed: , succeeded: Bookmarks, Encryption Keys, remaining count: 2
2026-05-13 00:47:43.589: [INFO][Sync] Prepare to configure types: Autofill Profiles, Autofill, Extensions, Sessions, Extension settings, History Delete Directives, Web Apps, Saved Tab Group, WebAuthn Credentials, Collection, Edge Hub App Usage, Edge Wallet, Edge Workspace, Encryption Keys
2026-05-13 00:47:43.589: [INFO][SyncManagerImpl::ConfigureSyncer] Types to download: Autofill Profiles, Autofill, Extensions, Sessions, Extension settings, History Delete Directives, Web Apps, Saved Tab Group, WebAuthn Credentials, Collection, Edge Hub App Usage, Edge Wallet, Edge Workspace, Encryption Keys with reason: 1
2026-05-13 00:47:43.589: [INFO][SyncSchedulerImpl::DoConfigurationSyncCycleJob] Blocked types:  and types to download: Autofill Profiles, Autofill, Extensions, Sessions, Extension settings, History Delete Directives, Web Apps, Saved Tab Group, WebAuthn Credentials, Collection, Edge Hub App Usage, Edge Wallet, Edge Workspace, Encryption Keys
2026-05-13 00:47:58.000: [INFO][Sync] Reset engine, reason: 0
2026-05-13 00:47:58.000: [INFO][Sync] Reset engine with reason: 0
2026-05-13 00:47:58.000: [INFO][SyncSchedulerImpl::OnSyncNetworkError] Syncer error: Network error (ERR_ABORTED)
2026-05-13 00:47:58.001: [INFO][SyncSchedulerImpl::DoConfigurationSyncCycleJob] Syncer error: Success
